<?xml version="1.0" encoding="UTF-8"?>
<!-- Generated by org.testng.reporters.JUnitXMLReporter -->
<testsuite ignored="1" hostname="LAPTOP-BB4TPC37" failures="0" tests="6" name="Default test" time="0.062" errors="0" timestamp="2022-06-01T09:52:53 IST">
  <testcase classname="testNG.Test4" name="call" time="0.009"/>
  <testcase classname="testNG.Test4" name="chats" time="0.001"/>
  <testcase classname="testNG.Test4" name="chats" time="0.001"/>
  <testcase classname="testNG.Test4" name="chats" time="0.001"/>
  <testcase classname="testNG.Test4" name="chats" time="0.001"/>
  <testcase classname="testNG.Test4" name="chats" time="0.001"/>
  <testcase classname="testNG.Test4" name="settings" time="0.0">
    <ignored/>
  </testcase> <!-- settings -->
</testsuite> <!-- Default test -->
