<?xml version="1.0" encoding="UTF-8"?>
<testng-results ignored="1" total="7" passed="6" failed="0" skipped="0">
  <reporter-output>
    <line>
      <![CDATA[call]]>
    </line>
    <line>
      <![CDATA[chats]]>
    </line>
    <line>
      <![CDATA[chats]]>
    </line>
    <line>
      <![CDATA[chats]]>
    </line>
    <line>
      <![CDATA[chats]]>
    </line>
    <line>
      <![CDATA[chats]]>
    </line>
  </reporter-output>
  <suite started-at="2022-06-01T09:52:53 IST" name="Default suite" finished-at="2022-06-01T09:52:53 IST" duration-ms="62">
    <groups>
    </groups>
    <test started-at="2022-06-01T09:52:53 IST" name="Default test" finished-at="2022-06-01T09:52:53 IST" duration-ms="62">
      <class name="testNG.Test4">
        <test-method signature="call()[pri:-1, instance:testNG.Test4@163e4e87]" started-at="2022-06-01T09:52:53 IST" name="call" finished-at="2022-06-01T09:52:53 IST" duration-ms="9" status="PASS">
          <reporter-output>
            <line>
              <![CDATA[call]]>
            </line>
          </reporter-output>
        </test-method> <!-- call -->
        <test-method signature="chats()[pri:1, instance:testNG.Test4@163e4e87]" started-at="2022-06-01T09:52:53 IST" name="chats" finished-at="2022-06-01T09:52:53 IST" duration-ms="1" status="PASS">
          <reporter-output>
            <line>
              <![CDATA[chats]]>
            </line>
          </reporter-output>
        </test-method> <!-- chats -->
        <test-method signature="chats()[pri:1, instance:testNG.Test4@163e4e87]" started-at="2022-06-01T09:52:53 IST" name="chats" finished-at="2022-06-01T09:52:53 IST" duration-ms="1" status="PASS">
          <reporter-output>
            <line>
              <![CDATA[chats]]>
            </line>
          </reporter-output>
        </test-method> <!-- chats -->
        <test-method signature="chats()[pri:1, instance:testNG.Test4@163e4e87]" started-at="2022-06-01T09:52:53 IST" name="chats" finished-at="2022-06-01T09:52:53 IST" duration-ms="1" status="PASS">
          <reporter-output>
            <line>
              <![CDATA[chats]]>
            </line>
          </reporter-output>
        </test-method> <!-- chats -->
        <test-method signature="chats()[pri:1, instance:testNG.Test4@163e4e87]" started-at="2022-06-01T09:52:53 IST" name="chats" finished-at="2022-06-01T09:52:53 IST" duration-ms="1" status="PASS">
          <reporter-output>
            <line>
              <![CDATA[chats]]>
            </line>
          </reporter-output>
        </test-method> <!-- chats -->
        <test-method signature="chats()[pri:1, instance:testNG.Test4@163e4e87]" started-at="2022-06-01T09:52:53 IST" name="chats" finished-at="2022-06-01T09:52:53 IST" duration-ms="1" status="PASS">
          <reporter-output>
            <line>
              <![CDATA[chats]]>
            </line>
          </reporter-output>
        </test-method> <!-- chats -->
      </class> <!-- testNG.Test4 -->
    </test> <!-- Default test -->
  </suite> <!-- Default suite -->
</testng-results>
